{"/home/rendra/workspace/hacktiv8/hacktiv8-phase3/Outspokenspot/server/app.js": {"path":"/home/rendra/workspace/hacktiv8/hacktiv8-phase3/Outspokenspot/server/app.js","statementMap":{"0":{"start":{"line":1,"column":0},"end":{"line":3,"column":1}},"1":{"start":{"line":2,"column":2},"end":{"line":2,"column":29}},"2":{"start":{"line":5,"column":16},"end":{"line":5,"column":34}},"3":{"start":{"line":6,"column":13},"end":{"line":6,"column":28}},"4":{"start":{"line":7,"column":15},"end":{"line":7,"column":34}},"5":{"start":{"line":8,"column":21},"end":{"line":8,"column":58}},"6":{"start":{"line":9,"column":12},"end":{"line":9,"column":21}},"7":{"start":{"line":10,"column":13},"end":{"line":10,"column":37}},"8":{"start":{"line":12,"column":0},"end":{"line":12,"column":15}},"9":{"start":{"line":13,"column":0},"end":{"line":13,"column":23}},"10":{"start":{"line":14,"column":0},"end":{"line":14,"column":48}},"11":{"start":{"line":15,"column":0},"end":{"line":15,"column":15}},"12":{"start":{"line":16,"column":0},"end":{"line":16,"column":21}},"13":{"start":{"line":18,"column":0},"end":{"line":18,"column":20}}},"fnMap":{},"branchMap":{"0":{"loc":{"start":{"line":1,"column":0},"end":{"line":3,"column":1}},"type":"if","locations":[{"start":{"line":1,"column":0},"end":{"line":3,"column":1}},{"start":{"line":1,"column":0},"end":{"line":3,"column":1}}],"line":1},"1":{"loc":{"start":{"line":1,"column":4},"end":{"line":1,"column":77}},"type":"binary-expr","locations":[{"start":{"line":1,"column":4},"end":{"line":1,"column":42}},{"start":{"line":1,"column":46},"end":{"line":1,"column":77}}],"line":1},"2":{"loc":{"start":{"line":10,"column":13},"end":{"line":10,"column":37}},"type":"binary-expr","locations":[{"start":{"line":10,"column":13},"end":{"line":10,"column":29}},{"start":{"line":10,"column":33},"end":{"line":10,"column":37}}],"line":10}},"s":{"0":2,"1":2,"2":2,"3":2,"4":2,"5":2,"6":2,"7":2,"8":2,"9":2,"10":2,"11":2,"12":2,"13":2},"f":{},"b":{"0":[2,0],"1":[2,2],"2":[2,2]},"_coverageSchema":"1a1c01bbd47fc00a2c39e90264f33305004495a9","hash":"4a6eaea4cc7962618f6833712640664c3389c77e"}
,"/home/rendra/workspace/hacktiv8/hacktiv8-phase3/Outspokenspot/server/controllers/gameController.js": {"path":"/home/rendra/workspace/hacktiv8/hacktiv8-phase3/Outspokenspot/server/controllers/gameController.js","statementMap":{"0":{"start":{"line":1,"column":21},"end":{"line":1,"column":41}},"1":{"start":{"line":6,"column":4},"end":{"line":12,"column":8}},"2":{"start":{"line":8,"column":8},"end":{"line":8,"column":39}},"3":{"start":{"line":11,"column":8},"end":{"line":11,"column":17}},"4":{"start":{"line":16,"column":0},"end":{"line":16,"column":31}}},"fnMap":{"0":{"name":"(anonymous_0)","decl":{"start":{"line":5,"column":2},"end":{"line":5,"column":3}},"loc":{"start":{"line":5,"column":41},"end":{"line":13,"column":3}},"line":5},"1":{"name":"(anonymous_1)","decl":{"start":{"line":7,"column":12},"end":{"line":7,"column":13}},"loc":{"start":{"line":7,"column":25},"end":{"line":9,"column":7}},"line":7},"2":{"name":"(anonymous_2)","decl":{"start":{"line":10,"column":13},"end":{"line":10,"column":14}},"loc":{"start":{"line":10,"column":20},"end":{"line":12,"column":7}},"line":10}},"branchMap":{},"s":{"0":2,"1":2,"2":2,"3":0,"4":2},"f":{"0":2,"1":2,"2":0},"b":{},"_coverageSchema":"1a1c01bbd47fc00a2c39e90264f33305004495a9","hash":"e33d3806f196bab40d250ee6e7fe0d64c48dd345"}
,"/home/rendra/workspace/hacktiv8/hacktiv8-phase3/Outspokenspot/server/controllers/userController.js": {"path":"/home/rendra/workspace/hacktiv8/hacktiv8-phase3/Outspokenspot/server/controllers/userController.js","statementMap":{"0":{"start":{"line":1,"column":26},"end":{"line":1,"column":58}},"1":{"start":{"line":2,"column":28},"end":{"line":2,"column":65}},"2":{"start":{"line":3,"column":17},"end":{"line":3,"column":37}},"3":{"start":{"line":7,"column":18},"end":{"line":12,"column":5}},"4":{"start":{"line":14,"column":4},"end":{"line":28,"column":8}},"5":{"start":{"line":16,"column":8},"end":{"line":24,"column":10}},"6":{"start":{"line":27,"column":8},"end":{"line":27,"column":17}},"7":{"start":{"line":32,"column":32},"end":{"line":32,"column":40}},"8":{"start":{"line":34,"column":4},"end":{"line":63,"column":5}},"9":{"start":{"line":35,"column":6},"end":{"line":35,"column":53}},"10":{"start":{"line":36,"column":9},"end":{"line":63,"column":5}},"11":{"start":{"line":37,"column":6},"end":{"line":37,"column":56}},"12":{"start":{"line":39,"column":4},"end":{"line":62,"column":8}},"13":{"start":{"line":41,"column":8},"end":{"line":58,"column":9}},"14":{"start":{"line":42,"column":35},"end":{"line":42,"column":75}},"15":{"start":{"line":44,"column":10},"end":{"line":52,"column":11}},"16":{"start":{"line":45,"column":33},"end":{"line":45,"column":82}},"17":{"start":{"line":46,"column":12},"end":{"line":46,"column":50}},"18":{"start":{"line":48,"column":12},"end":{"line":51,"column":14}},"19":{"start":{"line":54,"column":10},"end":{"line":57,"column":12}},"20":{"start":{"line":61,"column":8},"end":{"line":61,"column":17}},"21":{"start":{"line":68,"column":0},"end":{"line":68,"column":31}}},"fnMap":{"0":{"name":"(anonymous_0)","decl":{"start":{"line":6,"column":2},"end":{"line":6,"column":3}},"loc":{"start":{"line":6,"column":35},"end":{"line":29,"column":3}},"line":6},"1":{"name":"(anonymous_1)","decl":{"start":{"line":15,"column":12},"end":{"line":15,"column":13}},"loc":{"start":{"line":15,"column":20},"end":{"line":25,"column":7}},"line":15},"2":{"name":"(anonymous_2)","decl":{"start":{"line":26,"column":13},"end":{"line":26,"column":14}},"loc":{"start":{"line":26,"column":20},"end":{"line":28,"column":7}},"line":26},"3":{"name":"(anonymous_3)","decl":{"start":{"line":31,"column":2},"end":{"line":31,"column":3}},"loc":{"start":{"line":31,"column":32},"end":{"line":65,"column":3}},"line":31},"4":{"name":"(anonymous_4)","decl":{"start":{"line":40,"column":12},"end":{"line":40,"column":13}},"loc":{"start":{"line":40,"column":20},"end":{"line":59,"column":7}},"line":40},"5":{"name":"(anonymous_5)","decl":{"start":{"line":60,"column":13},"end":{"line":60,"column":14}},"loc":{"start":{"line":60,"column":20},"end":{"line":62,"column":7}},"line":60}},"branchMap":{"0":{"loc":{"start":{"line":34,"column":4},"end":{"line":63,"column":5}},"type":"if","locations":[{"start":{"line":34,"column":4},"end":{"line":63,"column":5}},{"start":{"line":34,"column":4},"end":{"line":63,"column":5}}],"line":34},"1":{"loc":{"start":{"line":36,"column":9},"end":{"line":63,"column":5}},"type":"if","locations":[{"start":{"line":36,"column":9},"end":{"line":63,"column":5}},{"start":{"line":36,"column":9},"end":{"line":63,"column":5}}],"line":36},"2":{"loc":{"start":{"line":41,"column":8},"end":{"line":58,"column":9}},"type":"if","locations":[{"start":{"line":41,"column":8},"end":{"line":58,"column":9}},{"start":{"line":41,"column":8},"end":{"line":58,"column":9}}],"line":41},"3":{"loc":{"start":{"line":44,"column":10},"end":{"line":52,"column":11}},"type":"if","locations":[{"start":{"line":44,"column":10},"end":{"line":52,"column":11}},{"start":{"line":44,"column":10},"end":{"line":52,"column":11}}],"line":44}},"s":{"0":2,"1":2,"2":2,"3":7,"4":7,"5":1,"6":6,"7":6,"8":6,"9":1,"10":5,"11":1,"12":4,"13":3,"14":2,"15":2,"16":1,"17":1,"18":1,"19":1,"20":1,"21":2},"f":{"0":7,"1":1,"2":6,"3":6,"4":3,"5":1},"b":{"0":[1,5],"1":[1,4],"2":[2,1],"3":[1,1]},"_coverageSchema":"1a1c01bbd47fc00a2c39e90264f33305004495a9","hash":"47bce459df59891968d3fbfd638dd837c0379efd"}
,"/home/rendra/workspace/hacktiv8/hacktiv8-phase3/Outspokenspot/server/helpers/jwt-helper.js": {"path":"/home/rendra/workspace/hacktiv8/hacktiv8-phase3/Outspokenspot/server/helpers/jwt-helper.js","statementMap":{"0":{"start":{"line":1,"column":12},"end":{"line":1,"column":35}},"1":{"start":{"line":3,"column":22},"end":{"line":3,"column":76}},"2":{"start":{"line":3,"column":35},"end":{"line":3,"column":76}},"3":{"start":{"line":4,"column":20},"end":{"line":4,"column":72}},"4":{"start":{"line":4,"column":31},"end":{"line":4,"column":72}},"5":{"start":{"line":6,"column":0},"end":{"line":9,"column":1}}},"fnMap":{"0":{"name":"(anonymous_0)","decl":{"start":{"line":3,"column":22},"end":{"line":3,"column":23}},"loc":{"start":{"line":3,"column":35},"end":{"line":3,"column":76}},"line":3},"1":{"name":"(anonymous_1)","decl":{"start":{"line":4,"column":20},"end":{"line":4,"column":21}},"loc":{"start":{"line":4,"column":31},"end":{"line":4,"column":72}},"line":4}},"branchMap":{},"s":{"0":2,"1":2,"2":1,"3":2,"4":5,"5":2},"f":{"0":1,"1":5},"b":{},"_coverageSchema":"1a1c01bbd47fc00a2c39e90264f33305004495a9","hash":"666e026755614066aaaa4b29e1c1641f9bae45bd"}
,"/home/rendra/workspace/hacktiv8/hacktiv8-phase3/Outspokenspot/server/helpers/password-helper.js": {"path":"/home/rendra/workspace/hacktiv8/hacktiv8-phase3/Outspokenspot/server/helpers/password-helper.js","statementMap":{"0":{"start":{"line":1,"column":15},"end":{"line":1,"column":34}},"1":{"start":{"line":3,"column":21},"end":{"line":5,"column":1}},"2":{"start":{"line":4,"column":2},"end":{"line":4,"column":38}},"3":{"start":{"line":7,"column":24},"end":{"line":9,"column":1}},"4":{"start":{"line":8,"column":2},"end":{"line":8,"column":53}},"5":{"start":{"line":11,"column":0},"end":{"line":14,"column":1}}},"fnMap":{"0":{"name":"(anonymous_0)","decl":{"start":{"line":3,"column":21},"end":{"line":3,"column":22}},"loc":{"start":{"line":3,"column":33},"end":{"line":5,"column":1}},"line":3},"1":{"name":"(anonymous_1)","decl":{"start":{"line":7,"column":24},"end":{"line":7,"column":25}},"loc":{"start":{"line":7,"column":54},"end":{"line":9,"column":1}},"line":7}},"branchMap":{},"s":{"0":2,"1":2,"2":2,"3":2,"4":2,"5":2},"f":{"0":2,"1":2},"b":{},"_coverageSchema":"1a1c01bbd47fc00a2c39e90264f33305004495a9","hash":"8318e373aaaa92f4ab3d86e1786f33f4782b0a68"}
,"/home/rendra/workspace/hacktiv8/hacktiv8-phase3/Outspokenspot/server/middlewares/auth.js": {"path":"/home/rendra/workspace/hacktiv8/hacktiv8-phase3/Outspokenspot/server/middlewares/auth.js","statementMap":{"0":{"start":{"line":1,"column":24},"end":{"line":1,"column":56}},"1":{"start":{"line":2,"column":17},"end":{"line":2,"column":37}},"2":{"start":{"line":4,"column":21},"end":{"line":25,"column":1}},"3":{"start":{"line":5,"column":2},"end":{"line":24,"column":3}},"4":{"start":{"line":6,"column":17},"end":{"line":6,"column":54}},"5":{"start":{"line":7,"column":4},"end":{"line":20,"column":8}},"6":{"start":{"line":11,"column":8},"end":{"line":16,"column":9}},"7":{"start":{"line":12,"column":10},"end":{"line":12,"column":55}},"8":{"start":{"line":14,"column":10},"end":{"line":14,"column":111}},"9":{"start":{"line":15,"column":10},"end":{"line":15,"column":16}},"10":{"start":{"line":18,"column":20},"end":{"line":20,"column":7}},"11":{"start":{"line":22,"column":4},"end":{"line":22,"column":23}},"12":{"start":{"line":23,"column":4},"end":{"line":23,"column":68}},"13":{"start":{"line":27,"column":0},"end":{"line":27,"column":29}}},"fnMap":{"0":{"name":"(anonymous_0)","decl":{"start":{"line":4,"column":21},"end":{"line":4,"column":22}},"loc":{"start":{"line":4,"column":41},"end":{"line":25,"column":1}},"line":4},"1":{"name":"(anonymous_1)","decl":{"start":{"line":10,"column":12},"end":{"line":10,"column":13}},"loc":{"start":{"line":10,"column":20},"end":{"line":17,"column":7}},"line":10},"2":{"name":"(anonymous_2)","decl":{"start":{"line":18,"column":13},"end":{"line":18,"column":14}},"loc":{"start":{"line":18,"column":20},"end":{"line":20,"column":7}},"line":18}},"branchMap":{"0":{"loc":{"start":{"line":11,"column":8},"end":{"line":16,"column":9}},"type":"if","locations":[{"start":{"line":11,"column":8},"end":{"line":16,"column":9}},{"start":{"line":11,"column":8},"end":{"line":16,"column":9}}],"line":11}},"s":{"0":2,"1":2,"2":2,"3":5,"4":5,"5":4,"6":3,"7":1,"8":2,"9":2,"10":1,"11":1,"12":1,"13":2},"f":{"0":5,"1":3,"2":1},"b":{"0":[1,2]},"_coverageSchema":"1a1c01bbd47fc00a2c39e90264f33305004495a9","hash":"c2aacb70ff849e07a1ff048c81ef61f4c36a64d5"}
,"/home/rendra/workspace/hacktiv8/hacktiv8-phase3/Outspokenspot/server/middlewares/errorHandler.js": {"path":"/home/rendra/workspace/hacktiv8/hacktiv8-phase3/Outspokenspot/server/middlewares/errorHandler.js","statementMap":{"0":{"start":{"line":1,"column":21},"end":{"line":16,"column":1}},"1":{"start":{"line":2,"column":2},"end":{"line":15,"column":5}},"2":{"start":{"line":3,"column":17},"end":{"line":3,"column":55}},"3":{"start":{"line":3,"column":41},"end":{"line":3,"column":54}},"4":{"start":{"line":5,"column":4},"end":{"line":5,"column":34}},"5":{"start":{"line":6,"column":11},"end":{"line":15,"column":5}},"6":{"start":{"line":7,"column":8},"end":{"line":7,"column":43}},"7":{"start":{"line":8,"column":8},"end":{"line":8,"column":58}},"8":{"start":{"line":9,"column":11},"end":{"line":15,"column":5}},"9":{"start":{"line":10,"column":8},"end":{"line":10,"column":58}},"10":{"start":{"line":11,"column":11},"end":{"line":15,"column":5}},"11":{"start":{"line":12,"column":8},"end":{"line":12,"column":58}},"12":{"start":{"line":14,"column":8},"end":{"line":14,"column":53}},"13":{"start":{"line":18,"column":0},"end":{"line":18,"column":29}}},"fnMap":{"0":{"name":"(anonymous_0)","decl":{"start":{"line":1,"column":21},"end":{"line":1,"column":22}},"loc":{"start":{"line":1,"column":46},"end":{"line":16,"column":1}},"line":1},"1":{"name":"(anonymous_1)","decl":{"start":{"line":3,"column":32},"end":{"line":3,"column":33}},"loc":{"start":{"line":3,"column":41},"end":{"line":3,"column":54}},"line":3}},"branchMap":{"0":{"loc":{"start":{"line":2,"column":2},"end":{"line":15,"column":5}},"type":"if","locations":[{"start":{"line":2,"column":2},"end":{"line":15,"column":5}},{"start":{"line":2,"column":2},"end":{"line":15,"column":5}}],"line":2},"1":{"loc":{"start":{"line":6,"column":11},"end":{"line":15,"column":5}},"type":"if","locations":[{"start":{"line":6,"column":11},"end":{"line":15,"column":5}},{"start":{"line":6,"column":11},"end":{"line":15,"column":5}}],"line":6},"2":{"loc":{"start":{"line":9,"column":11},"end":{"line":15,"column":5}},"type":"if","locations":[{"start":{"line":9,"column":11},"end":{"line":15,"column":5}},{"start":{"line":9,"column":11},"end":{"line":15,"column":5}}],"line":9},"3":{"loc":{"start":{"line":11,"column":11},"end":{"line":15,"column":5}},"type":"if","locations":[{"start":{"line":11,"column":11},"end":{"line":15,"column":5}},{"start":{"line":11,"column":11},"end":{"line":15,"column":5}}],"line":11}},"s":{"0":2,"1":14,"2":5,"3":7,"4":5,"5":9,"6":4,"7":4,"8":5,"9":1,"10":4,"11":1,"12":3,"13":2},"f":{"0":14,"1":7},"b":{"0":[5,9],"1":[4,5],"2":[1,4],"3":[1,3]},"_coverageSchema":"1a1c01bbd47fc00a2c39e90264f33305004495a9","hash":"2eaa900b606ec85e98ae24238c1b9f53dcf0327c"}
,"/home/rendra/workspace/hacktiv8/hacktiv8-phase3/Outspokenspot/server/models/index.js": {"path":"/home/rendra/workspace/hacktiv8/hacktiv8-phase3/Outspokenspot/server/models/index.js","statementMap":{"0":{"start":{"line":3,"column":11},"end":{"line":3,"column":24}},"1":{"start":{"line":4,"column":13},"end":{"line":4,"column":28}},"2":{"start":{"line":5,"column":18},"end":{"line":5,"column":38}},"3":{"start":{"line":6,"column":17},"end":{"line":6,"column":42}},"4":{"start":{"line":7,"column":12},"end":{"line":7,"column":49}},"5":{"start":{"line":8,"column":15},"end":{"line":8,"column":65}},"6":{"start":{"line":9,"column":11},"end":{"line":9,"column":13}},"7":{"start":{"line":12,"column":0},"end":{"line":16,"column":1}},"8":{"start":{"line":13,"column":2},"end":{"line":13,"column":74}},"9":{"start":{"line":15,"column":2},"end":{"line":15,"column":87}},"10":{"start":{"line":18,"column":0},"end":{"line":26,"column":5}},"11":{"start":{"line":21,"column":4},"end":{"line":21,"column":90}},"12":{"start":{"line":24,"column":18},"end":{"line":24,"column":85}},"13":{"start":{"line":25,"column":4},"end":{"line":25,"column":27}},"14":{"start":{"line":28,"column":0},"end":{"line":32,"column":3}},"15":{"start":{"line":29,"column":2},"end":{"line":31,"column":3}},"16":{"start":{"line":30,"column":4},"end":{"line":30,"column":32}},"17":{"start":{"line":34,"column":0},"end":{"line":34,"column":25}},"18":{"start":{"line":35,"column":0},"end":{"line":35,"column":25}},"19":{"start":{"line":37,"column":0},"end":{"line":37,"column":20}}},"fnMap":{"0":{"name":"(anonymous_0)","decl":{"start":{"line":20,"column":10},"end":{"line":20,"column":11}},"loc":{"start":{"line":20,"column":18},"end":{"line":22,"column":3}},"line":20},"1":{"name":"(anonymous_1)","decl":{"start":{"line":23,"column":11},"end":{"line":23,"column":12}},"loc":{"start":{"line":23,"column":19},"end":{"line":26,"column":3}},"line":23},"2":{"name":"(anonymous_2)","decl":{"start":{"line":28,"column":24},"end":{"line":28,"column":25}},"loc":{"start":{"line":28,"column":37},"end":{"line":32,"column":1}},"line":28}},"branchMap":{"0":{"loc":{"start":{"line":7,"column":12},"end":{"line":7,"column":49}},"type":"binary-expr","locations":[{"start":{"line":7,"column":12},"end":{"line":7,"column":32}},{"start":{"line":7,"column":36},"end":{"line":7,"column":49}}],"line":7},"1":{"loc":{"start":{"line":12,"column":0},"end":{"line":16,"column":1}},"type":"if","locations":[{"start":{"line":12,"column":0},"end":{"line":16,"column":1}},{"start":{"line":12,"column":0},"end":{"line":16,"column":1}}],"line":12},"2":{"loc":{"start":{"line":21,"column":11},"end":{"line":21,"column":89}},"type":"binary-expr","locations":[{"start":{"line":21,"column":12},"end":{"line":21,"column":35}},{"start":{"line":21,"column":41},"end":{"line":21,"column":58}},{"start":{"line":21,"column":64},"end":{"line":21,"column":88}}],"line":21},"3":{"loc":{"start":{"line":29,"column":2},"end":{"line":31,"column":3}},"type":"if","locations":[{"start":{"line":29,"column":2},"end":{"line":31,"column":3}},{"start":{"line":29,"column":2},"end":{"line":31,"column":3}}],"line":29}},"s":{"0":2,"1":2,"2":2,"3":2,"4":2,"5":2,"6":2,"7":2,"8":0,"9":2,"10":2,"11":6,"12":4,"13":4,"14":2,"15":4,"16":4,"17":2,"18":2,"19":2},"f":{"0":6,"1":4,"2":4},"b":{"0":[2,0],"1":[0,2],"2":[6,6,4],"3":[4,0]},"_coverageSchema":"1a1c01bbd47fc00a2c39e90264f33305004495a9","hash":"f9aadceaed36334deb51b36b077749adfbc3b86b"}
,"/home/rendra/workspace/hacktiv8/hacktiv8-phase3/Outspokenspot/server/models/question.js": {"path":"/home/rendra/workspace/hacktiv8/hacktiv8-phase3/Outspokenspot/server/models/question.js","statementMap":{"0":{"start":{"line":4,"column":4},"end":{"line":4,"column":24}},"1":{"start":{"line":5,"column":0},"end":{"line":23,"column":2}},"2":{"start":{"line":16,"column":2},"end":{"line":21,"column":5}},"3":{"start":{"line":22,"column":2},"end":{"line":22,"column":18}}},"fnMap":{"0":{"name":"(anonymous_0)","decl":{"start":{"line":5,"column":17},"end":{"line":5,"column":18}},"loc":{"start":{"line":5,"column":43},"end":{"line":23,"column":1}},"line":5},"1":{"name":"(anonymous_1)","decl":{"start":{"line":12,"column":4},"end":{"line":12,"column":5}},"loc":{"start":{"line":12,"column":29},"end":{"line":14,"column":5}},"line":12}},"branchMap":{},"s":{"0":2,"1":2,"2":2,"3":2},"f":{"0":2,"1":2},"b":{},"_coverageSchema":"1a1c01bbd47fc00a2c39e90264f33305004495a9","hash":"3182c4868ed47b0a67923c27d5f5921578c0136a"}
,"/home/rendra/workspace/hacktiv8/hacktiv8-phase3/Outspokenspot/server/models/user.js": {"path":"/home/rendra/workspace/hacktiv8/hacktiv8-phase3/Outspokenspot/server/models/user.js","statementMap":{"0":{"start":{"line":4,"column":4},"end":{"line":4,"column":24}},"1":{"start":{"line":5,"column":25},"end":{"line":5,"column":62}},"2":{"start":{"line":6,"column":0},"end":{"line":72,"column":2}},"3":{"start":{"line":17,"column":2},"end":{"line":70,"column":5}},"4":{"start":{"line":66,"column":8},"end":{"line":66,"column":51}},"5":{"start":{"line":71,"column":2},"end":{"line":71,"column":14}}},"fnMap":{"0":{"name":"(anonymous_0)","decl":{"start":{"line":6,"column":17},"end":{"line":6,"column":18}},"loc":{"start":{"line":6,"column":43},"end":{"line":72,"column":1}},"line":6},"1":{"name":"(anonymous_1)","decl":{"start":{"line":13,"column":4},"end":{"line":13,"column":5}},"loc":{"start":{"line":13,"column":29},"end":{"line":15,"column":5}},"line":13},"2":{"name":"(anonymous_2)","decl":{"start":{"line":65,"column":20},"end":{"line":65,"column":21}},"loc":{"start":{"line":65,"column":30},"end":{"line":67,"column":7}},"line":65}},"branchMap":{},"s":{"0":2,"1":2,"2":2,"3":2,"4":2,"5":2},"f":{"0":2,"1":2,"2":2},"b":{},"_coverageSchema":"1a1c01bbd47fc00a2c39e90264f33305004495a9","hash":"a3ab2e99c811f14ab61728f64e9230a52a66b8bf"}
,"/home/rendra/workspace/hacktiv8/hacktiv8-phase3/Outspokenspot/server/routes/index.js": {"path":"/home/rendra/workspace/hacktiv8/hacktiv8-phase3/Outspokenspot/server/routes/index.js","statementMap":{"0":{"start":{"line":1,"column":15},"end":{"line":1,"column":42}},"1":{"start":{"line":2,"column":23},"end":{"line":2,"column":63}},"2":{"start":{"line":3,"column":23},"end":{"line":3,"column":63}},"3":{"start":{"line":4,"column":21},"end":{"line":4,"column":51}},"4":{"start":{"line":6,"column":0},"end":{"line":8,"column":2}},"5":{"start":{"line":7,"column":2},"end":{"line":7,"column":67}},"6":{"start":{"line":9,"column":0},"end":{"line":9,"column":49}},"7":{"start":{"line":10,"column":0},"end":{"line":10,"column":43}},"8":{"start":{"line":11,"column":0},"end":{"line":11,"column":24}},"9":{"start":{"line":12,"column":0},"end":{"line":12,"column":55}},"10":{"start":{"line":15,"column":0},"end":{"line":15,"column":23}}},"fnMap":{"0":{"name":"(anonymous_0)","decl":{"start":{"line":6,"column":16},"end":{"line":6,"column":17}},"loc":{"start":{"line":6,"column":30},"end":{"line":8,"column":1}},"line":6}},"branchMap":{},"s":{"0":2,"1":2,"2":2,"3":2,"4":2,"5":1,"6":2,"7":2,"8":2,"9":2,"10":2},"f":{"0":1},"b":{},"_coverageSchema":"1a1c01bbd47fc00a2c39e90264f33305004495a9","hash":"bd226250cd93eae1609193e4e0c344079fb235b7"}
}
