{"/home/rendra/workspace/hacktiv8/hacktiv8-phase3/Outspokenspot/server/app.js": {"path":"/home/rendra/workspace/hacktiv8/hacktiv8-phase3/Outspokenspot/server/app.js","statementMap":{"0":{"start":{"line":1,"column":0},"end":{"line":3,"column":1}},"1":{"start":{"line":2,"column":2},"end":{"line":2,"column":29}},"2":{"start":{"line":5,"column":16},"end":{"line":5,"column":34}},"3":{"start":{"line":6,"column":13},"end":{"line":6,"column":28}},"4":{"start":{"line":7,"column":15},"end":{"line":7,"column":34}},"5":{"start":{"line":8,"column":21},"end":{"line":8,"column":58}},"6":{"start":{"line":9,"column":12},"end":{"line":9,"column":21}},"7":{"start":{"line":11,"column":0},"end":{"line":11,"column":15}},"8":{"start":{"line":12,"column":0},"end":{"line":12,"column":23}},"9":{"start":{"line":13,"column":0},"end":{"line":13,"column":48}},"10":{"start":{"line":14,"column":0},"end":{"line":14,"column":15}},"11":{"start":{"line":15,"column":0},"end":{"line":15,"column":21}},"12":{"start":{"line":17,"column":0},"end":{"line":17,"column":20}}},"fnMap":{},"branchMap":{"0":{"loc":{"start":{"line":1,"column":0},"end":{"line":3,"column":1}},"type":"if","locations":[{"start":{"line":1,"column":0},"end":{"line":3,"column":1}},{"start":{"line":1,"column":0},"end":{"line":3,"column":1}}],"line":1},"1":{"loc":{"start":{"line":1,"column":4},"end":{"line":1,"column":77}},"type":"binary-expr","locations":[{"start":{"line":1,"column":4},"end":{"line":1,"column":42}},{"start":{"line":1,"column":46},"end":{"line":1,"column":77}}],"line":1}},"s":{"0":3,"1":3,"2":3,"3":3,"4":3,"5":3,"6":3,"7":3,"8":3,"9":3,"10":3,"11":3,"12":3},"f":{},"b":{"0":[3,0],"1":[3,3]},"_coverageSchema":"1a1c01bbd47fc00a2c39e90264f33305004495a9","hash":"f4adbcabf4a03c25c44afd2bae0463c90b909301"}
,"/home/rendra/workspace/hacktiv8/hacktiv8-phase3/Outspokenspot/server/bin/https.js": {"path":"/home/rendra/workspace/hacktiv8/hacktiv8-phase3/Outspokenspot/server/bin/https.js","statementMap":{"0":{"start":{"line":1,"column":12},"end":{"line":1,"column":29}},"1":{"start":{"line":2,"column":13},"end":{"line":2,"column":28}},"2":{"start":{"line":3,"column":13},"end":{"line":3,"column":37}},"3":{"start":{"line":4,"column":17},"end":{"line":4,"column":37}},"4":{"start":{"line":5,"column":15},"end":{"line":5,"column":37}},"5":{"start":{"line":6,"column":10},"end":{"line":6,"column":27}},"6":{"start":{"line":8,"column":11},"end":{"line":13,"column":2}},"7":{"start":{"line":15,"column":12},"end":{"line":15,"column":14}},"8":{"start":{"line":17,"column":0},"end":{"line":152,"column":2}},"9":{"start":{"line":18,"column":2},"end":{"line":21,"column":4}},"10":{"start":{"line":19,"column":21},"end":{"line":19,"column":67}},"11":{"start":{"line":19,"column":42},"end":{"line":19,"column":66}},"12":{"start":{"line":20,"column":4},"end":{"line":20,"column":38}},"13":{"start":{"line":23,"column":2},"end":{"line":40,"column":4}},"14":{"start":{"line":24,"column":15},"end":{"line":32,"column":5}},"15":{"start":{"line":33,"column":21},"end":{"line":33,"column":76}},"16":{"start":{"line":33,"column":47},"end":{"line":33,"column":75}},"17":{"start":{"line":34,"column":4},"end":{"line":39,"column":5}},"18":{"start":{"line":35,"column":6},"end":{"line":35,"column":33}},"19":{"start":{"line":37,"column":6},"end":{"line":37,"column":22}},"20":{"start":{"line":38,"column":6},"end":{"line":38,"column":40}},"21":{"start":{"line":42,"column":2},"end":{"line":50,"column":4}},"22":{"start":{"line":43,"column":21},"end":{"line":45,"column":6}},"23":{"start":{"line":44,"column":6},"end":{"line":44,"column":65}},"24":{"start":{"line":46,"column":19},"end":{"line":48,"column":6}},"25":{"start":{"line":47,"column":6},"end":{"line":47,"column":37}},"26":{"start":{"line":49,"column":4},"end":{"line":49,"column":39}},"27":{"start":{"line":52,"column":2},"end":{"line":62,"column":4}},"28":{"start":{"line":53,"column":4},"end":{"line":53,"column":34}},"29":{"start":{"line":54,"column":20},"end":{"line":54,"column":79}},"30":{"start":{"line":54,"column":46},"end":{"line":54,"column":77}},"31":{"start":{"line":55,"column":18},"end":{"line":55,"column":91}},"32":{"start":{"line":55,"column":54},"end":{"line":55,"column":90}},"33":{"start":{"line":57,"column":4},"end":{"line":59,"column":5}},"34":{"start":{"line":58,"column":6},"end":{"line":58,"column":45}},"35":{"start":{"line":61,"column":4},"end":{"line":61,"column":74}},"36":{"start":{"line":64,"column":2},"end":{"line":69,"column":4}},"37":{"start":{"line":65,"column":20},"end":{"line":65,"column":65}},"38":{"start":{"line":65,"column":46},"end":{"line":65,"column":64}},"39":{"start":{"line":66,"column":4},"end":{"line":66,"column":37}},"40":{"start":{"line":68,"column":4},"end":{"line":68,"column":56}},"41":{"start":{"line":71,"column":2},"end":{"line":74,"column":4}},"42":{"start":{"line":72,"column":20},"end":{"line":72,"column":66}},"43":{"start":{"line":72,"column":46},"end":{"line":72,"column":64}},"44":{"start":{"line":73,"column":4},"end":{"line":73,"column":65}},"45":{"start":{"line":76,"column":2},"end":{"line":79,"column":4}},"46":{"start":{"line":77,"column":20},"end":{"line":77,"column":66}},"47":{"start":{"line":77,"column":46},"end":{"line":77,"column":64}},"48":{"start":{"line":78,"column":4},"end":{"line":78,"column":69}},"49":{"start":{"line":81,"column":2},"end":{"line":91,"column":4}},"50":{"start":{"line":82,"column":20},"end":{"line":82,"column":66}},"51":{"start":{"line":82,"column":46},"end":{"line":82,"column":64}},"52":{"start":{"line":85,"column":4},"end":{"line":88,"column":5}},"53":{"start":{"line":86,"column":6},"end":{"line":86,"column":85}},"54":{"start":{"line":86,"column":57},"end":{"line":86,"column":83}},"55":{"start":{"line":87,"column":6},"end":{"line":87,"column":64}},"56":{"start":{"line":87,"column":50},"end":{"line":87,"column":63}},"57":{"start":{"line":90,"column":4},"end":{"line":90,"column":42}},"58":{"start":{"line":93,"column":2},"end":{"line":101,"column":4}},"59":{"start":{"line":94,"column":20},"end":{"line":94,"column":66}},"60":{"start":{"line":94,"column":46},"end":{"line":94,"column":64}},"61":{"start":{"line":95,"column":24},"end":{"line":98,"column":5}},"62":{"start":{"line":99,"column":4},"end":{"line":99,"column":46}},"63":{"start":{"line":100,"column":4},"end":{"line":100,"column":73}},"64":{"start":{"line":103,"column":2},"end":{"line":105,"column":4}},"65":{"start":{"line":104,"column":4},"end":{"line":104,"column":138}},"66":{"start":{"line":107,"column":2},"end":{"line":109,"column":4}},"67":{"start":{"line":108,"column":4},"end":{"line":108,"column":105}},"68":{"start":{"line":111,"column":2},"end":{"line":113,"column":4}},"69":{"start":{"line":112,"column":4},"end":{"line":112,"column":141}},"70":{"start":{"line":115,"column":2},"end":{"line":117,"column":4}},"71":{"start":{"line":116,"column":4},"end":{"line":116,"column":131}},"72":{"start":{"line":119,"column":2},"end":{"line":121,"column":4}},"73":{"start":{"line":120,"column":4},"end":{"line":120,"column":79}},"74":{"start":{"line":123,"column":2},"end":{"line":125,"column":4}},"75":{"start":{"line":124,"column":4},"end":{"line":124,"column":73}},"76":{"start":{"line":127,"column":2},"end":{"line":151,"column":4}},"77":{"start":{"line":129,"column":4},"end":{"line":135,"column":6}},"78":{"start":{"line":130,"column":6},"end":{"line":134,"column":8}},"79":{"start":{"line":131,"column":8},"end":{"line":133,"column":9}},"80":{"start":{"line":132,"column":10},"end":{"line":132,"column":27}},"81":{"start":{"line":142,"column":4},"end":{"line":148,"column":5}},"82":{"start":{"line":143,"column":6},"end":{"line":143,"column":79}},"83":{"start":{"line":143,"column":51},"end":{"line":143,"column":78}},"84":{"start":{"line":144,"column":6},"end":{"line":144,"column":64}},"85":{"start":{"line":144,"column":50},"end":{"line":144,"column":63}},"86":{"start":{"line":145,"column":6},"end":{"line":145,"column":79}},"87":{"start":{"line":145,"column":51},"end":{"line":145,"column":78}},"88":{"start":{"line":146,"column":6},"end":{"line":146,"column":57}},"89":{"start":{"line":147,"column":6},"end":{"line":147,"column":43}},"90":{"start":{"line":150,"column":4},"end":{"line":150,"column":68}},"91":{"start":{"line":154,"column":0},"end":{"line":158,"column":1}},"92":{"start":{"line":155,"column":2},"end":{"line":157,"column":4}},"93":{"start":{"line":156,"column":6},"end":{"line":156,"column":64}},"94":{"start":{"line":160,"column":0},"end":{"line":160,"column":19}}},"fnMap":{"0":{"name":"(anonymous_0)","decl":{"start":{"line":17,"column":20},"end":{"line":17,"column":21}},"loc":{"start":{"line":17,"column":32},"end":{"line":152,"column":1}},"line":17},"1":{"name":"(anonymous_1)","decl":{"start":{"line":18,"column":21},"end":{"line":18,"column":22}},"loc":{"start":{"line":18,"column":31},"end":{"line":21,"column":3}},"line":18},"2":{"name":"(anonymous_2)","decl":{"start":{"line":19,"column":34},"end":{"line":19,"column":35}},"loc":{"start":{"line":19,"column":42},"end":{"line":19,"column":66}},"line":19},"3":{"name":"(anonymous_3)","decl":{"start":{"line":23,"column":27},"end":{"line":23,"column":28}},"loc":{"start":{"line":23,"column":40},"end":{"line":40,"column":3}},"line":23},"4":{"name":"(anonymous_4)","decl":{"start":{"line":33,"column":34},"end":{"line":33,"column":35}},"loc":{"start":{"line":33,"column":47},"end":{"line":33,"column":75}},"line":33},"5":{"name":"(anonymous_5)","decl":{"start":{"line":42,"column":26},"end":{"line":42,"column":27}},"loc":{"start":{"line":42,"column":32},"end":{"line":50,"column":3}},"line":42},"6":{"name":"(anonymous_6)","decl":{"start":{"line":43,"column":37},"end":{"line":43,"column":38}},"loc":{"start":{"line":43,"column":52},"end":{"line":45,"column":5}},"line":43},"7":{"name":"(anonymous_7)","decl":{"start":{"line":46,"column":32},"end":{"line":46,"column":33}},"loc":{"start":{"line":46,"column":40},"end":{"line":48,"column":5}},"line":46},"8":{"name":"(anonymous_8)","decl":{"start":{"line":52,"column":25},"end":{"line":52,"column":26}},"loc":{"start":{"line":52,"column":35},"end":{"line":62,"column":3}},"line":52},"9":{"name":"(anonymous_9)","decl":{"start":{"line":54,"column":36},"end":{"line":54,"column":37}},"loc":{"start":{"line":54,"column":46},"end":{"line":54,"column":77}},"line":54},"10":{"name":"(anonymous_10)","decl":{"start":{"line":55,"column":46},"end":{"line":55,"column":47}},"loc":{"start":{"line":55,"column":54},"end":{"line":55,"column":90}},"line":55},"11":{"name":"(anonymous_11)","decl":{"start":{"line":64,"column":26},"end":{"line":64,"column":27}},"loc":{"start":{"line":64,"column":36},"end":{"line":69,"column":3}},"line":64},"12":{"name":"(anonymous_12)","decl":{"start":{"line":65,"column":36},"end":{"line":65,"column":37}},"loc":{"start":{"line":65,"column":46},"end":{"line":65,"column":64}},"line":65},"13":{"name":"(anonymous_13)","decl":{"start":{"line":71,"column":31},"end":{"line":71,"column":32}},"loc":{"start":{"line":71,"column":41},"end":{"line":74,"column":3}},"line":71},"14":{"name":"(anonymous_14)","decl":{"start":{"line":72,"column":36},"end":{"line":72,"column":37}},"loc":{"start":{"line":72,"column":46},"end":{"line":72,"column":64}},"line":72},"15":{"name":"(anonymous_15)","decl":{"start":{"line":76,"column":33},"end":{"line":76,"column":34}},"loc":{"start":{"line":76,"column":43},"end":{"line":79,"column":3}},"line":76},"16":{"name":"(anonymous_16)","decl":{"start":{"line":77,"column":36},"end":{"line":77,"column":37}},"loc":{"start":{"line":77,"column":46},"end":{"line":77,"column":64}},"line":77},"17":{"name":"(anonymous_17)","decl":{"start":{"line":81,"column":25},"end":{"line":81,"column":26}},"loc":{"start":{"line":81,"column":47},"end":{"line":91,"column":3}},"line":81},"18":{"name":"(anonymous_18)","decl":{"start":{"line":82,"column":36},"end":{"line":82,"column":37}},"loc":{"start":{"line":82,"column":46},"end":{"line":82,"column":64}},"line":82},"19":{"name":"(anonymous_19)","decl":{"start":{"line":86,"column":49},"end":{"line":86,"column":50}},"loc":{"start":{"line":86,"column":57},"end":{"line":86,"column":83}},"line":86},"20":{"name":"(anonymous_20)","decl":{"start":{"line":87,"column":42},"end":{"line":87,"column":43}},"loc":{"start":{"line":87,"column":50},"end":{"line":87,"column":63}},"line":87},"21":{"name":"(anonymous_21)","decl":{"start":{"line":93,"column":28},"end":{"line":93,"column":29}},"loc":{"start":{"line":93,"column":57},"end":{"line":101,"column":3}},"line":93},"22":{"name":"(anonymous_22)","decl":{"start":{"line":94,"column":36},"end":{"line":94,"column":37}},"loc":{"start":{"line":94,"column":46},"end":{"line":94,"column":64}},"line":94},"23":{"name":"(anonymous_23)","decl":{"start":{"line":103,"column":30},"end":{"line":103,"column":31}},"loc":{"start":{"line":103,"column":43},"end":{"line":105,"column":3}},"line":103},"24":{"name":"(anonymous_24)","decl":{"start":{"line":107,"column":32},"end":{"line":107,"column":33}},"loc":{"start":{"line":107,"column":45},"end":{"line":109,"column":3}},"line":107},"25":{"name":"(anonymous_25)","decl":{"start":{"line":111,"column":28},"end":{"line":111,"column":29}},"loc":{"start":{"line":111,"column":41},"end":{"line":113,"column":3}},"line":111},"26":{"name":"(anonymous_26)","decl":{"start":{"line":115,"column":33},"end":{"line":115,"column":34}},"loc":{"start":{"line":115,"column":46},"end":{"line":117,"column":3}},"line":115},"27":{"name":"(anonymous_27)","decl":{"start":{"line":119,"column":30},"end":{"line":119,"column":31}},"loc":{"start":{"line":119,"column":43},"end":{"line":121,"column":3}},"line":119},"28":{"name":"(anonymous_28)","decl":{"start":{"line":123,"column":20},"end":{"line":123,"column":21}},"loc":{"start":{"line":123,"column":33},"end":{"line":125,"column":3}},"line":123},"29":{"name":"(anonymous_29)","decl":{"start":{"line":127,"column":26},"end":{"line":127,"column":27}},"loc":{"start":{"line":127,"column":32},"end":{"line":151,"column":3}},"line":127},"30":{"name":"(anonymous_30)","decl":{"start":{"line":129,"column":18},"end":{"line":129,"column":19}},"loc":{"start":{"line":129,"column":26},"end":{"line":135,"column":5}},"line":129},"31":{"name":"(anonymous_31)","decl":{"start":{"line":130,"column":25},"end":{"line":130,"column":26}},"loc":{"start":{"line":130,"column":33},"end":{"line":134,"column":7}},"line":130},"32":{"name":"(anonymous_32)","decl":{"start":{"line":143,"column":43},"end":{"line":143,"column":44}},"loc":{"start":{"line":143,"column":51},"end":{"line":143,"column":78}},"line":143},"33":{"name":"(anonymous_33)","decl":{"start":{"line":144,"column":42},"end":{"line":144,"column":43}},"loc":{"start":{"line":144,"column":50},"end":{"line":144,"column":63}},"line":144},"34":{"name":"(anonymous_34)","decl":{"start":{"line":145,"column":43},"end":{"line":145,"column":44}},"loc":{"start":{"line":145,"column":51},"end":{"line":145,"column":78}},"line":145},"35":{"name":"(anonymous_35)","decl":{"start":{"line":155,"column":22},"end":{"line":155,"column":23}},"loc":{"start":{"line":155,"column":28},"end":{"line":157,"column":3}},"line":155}},"branchMap":{"0":{"loc":{"start":{"line":3,"column":13},"end":{"line":3,"column":37}},"type":"binary-expr","locations":[{"start":{"line":3,"column":13},"end":{"line":3,"column":29}},{"start":{"line":3,"column":33},"end":{"line":3,"column":37}}],"line":3},"1":{"loc":{"start":{"line":34,"column":4},"end":{"line":39,"column":5}},"type":"if","locations":[{"start":{"line":34,"column":4},"end":{"line":39,"column":5}},{"start":{"line":34,"column":4},"end":{"line":39,"column":5}}],"line":34},"2":{"loc":{"start":{"line":44,"column":14},"end":{"line":44,"column":64}},"type":"binary-expr","locations":[{"start":{"line":44,"column":14},"end":{"line":44,"column":37}},{"start":{"line":44,"column":41},"end":{"line":44,"column":64}}],"line":44},"3":{"loc":{"start":{"line":57,"column":4},"end":{"line":59,"column":5}},"type":"if","locations":[{"start":{"line":57,"column":4},"end":{"line":59,"column":5}},{"start":{"line":57,"column":4},"end":{"line":59,"column":5}}],"line":57},"4":{"loc":{"start":{"line":85,"column":4},"end":{"line":88,"column":5}},"type":"if","locations":[{"start":{"line":85,"column":4},"end":{"line":88,"column":5}},{"start":{"line":85,"column":4},"end":{"line":88,"column":5}}],"line":85},"5":{"loc":{"start":{"line":131,"column":8},"end":{"line":133,"column":9}},"type":"if","locations":[{"start":{"line":131,"column":8},"end":{"line":133,"column":9}},{"start":{"line":131,"column":8},"end":{"line":133,"column":9}}],"line":131},"6":{"loc":{"start":{"line":142,"column":4},"end":{"line":148,"column":5}},"type":"if","locations":[{"start":{"line":142,"column":4},"end":{"line":148,"column":5}},{"start":{"line":142,"column":4},"end":{"line":148,"column":5}}],"line":142},"7":{"loc":{"start":{"line":154,"column":0},"end":{"line":158,"column":1}},"type":"if","locations":[{"start":{"line":154,"column":0},"end":{"line":158,"column":1}},{"start":{"line":154,"column":0},"end":{"line":158,"column":1}}],"line":154}},"s":{"0":1,"1":1,"2":1,"3":1,"4":1,"5":1,"6":1,"7":1,"8":1,"9":15,"10":1,"11":0,"12":1,"13":15,"14":2,"15":2,"16":1,"17":2,"18":1,"19":1,"20":1,"21":15,"22":1,"23":1,"24":1,"25":1,"26":1,"27":15,"28":1,"29":1,"30":1,"31":1,"32":0,"33":1,"34":1,"35":1,"36":15,"37":1,"38":1,"39":1,"40":1,"41":15,"42":1,"43":1,"44":1,"45":15,"46":1,"47":1,"48":1,"49":15,"50":1,"51":1,"52":1,"53":1,"54":0,"55":1,"56":0,"57":1,"58":15,"59":0,"60":0,"61":0,"62":0,"63":0,"64":15,"65":1,"66":15,"67":1,"68":15,"69":1,"70":15,"71":1,"72":15,"73":1,"74":15,"75":0,"76":15,"77":11,"78":10,"79":1,"80":1,"81":11,"82":1,"83":1,"84":1,"85":0,"86":1,"87":1,"88":1,"89":1,"90":11,"91":1,"92":0,"93":0,"94":1},"f":{"0":15,"1":1,"2":0,"3":2,"4":1,"5":1,"6":1,"7":1,"8":1,"9":1,"10":0,"11":1,"12":1,"13":1,"14":1,"15":1,"16":1,"17":1,"18":1,"19":0,"20":0,"21":0,"22":0,"23":1,"24":1,"25":1,"26":1,"27":1,"28":0,"29":11,"30":10,"31":1,"32":1,"33":0,"34":1,"35":0},"b":{"0":[1,1],"1":[1,1],"2":[1,0],"3":[1,0],"4":[1,0],"5":[1,0],"6":[1,10],"7":[0,1]},"_coverageSchema":"1a1c01bbd47fc00a2c39e90264f33305004495a9","hash":"01fec8bb9f187e520ad3c98b21c2b6d7c9766d95"}
,"/home/rendra/workspace/hacktiv8/hacktiv8-phase3/Outspokenspot/server/controllers/gameController.js": {"path":"/home/rendra/workspace/hacktiv8/hacktiv8-phase3/Outspokenspot/server/controllers/gameController.js","statementMap":{"0":{"start":{"line":1,"column":21},"end":{"line":1,"column":41}},"1":{"start":{"line":6,"column":4},"end":{"line":12,"column":8}},"2":{"start":{"line":8,"column":8},"end":{"line":8,"column":39}},"3":{"start":{"line":11,"column":8},"end":{"line":11,"column":17}},"4":{"start":{"line":16,"column":0},"end":{"line":16,"column":31}}},"fnMap":{"0":{"name":"(anonymous_0)","decl":{"start":{"line":5,"column":2},"end":{"line":5,"column":3}},"loc":{"start":{"line":5,"column":41},"end":{"line":13,"column":3}},"line":5},"1":{"name":"(anonymous_1)","decl":{"start":{"line":7,"column":12},"end":{"line":7,"column":13}},"loc":{"start":{"line":7,"column":25},"end":{"line":9,"column":7}},"line":7},"2":{"name":"(anonymous_2)","decl":{"start":{"line":10,"column":13},"end":{"line":10,"column":14}},"loc":{"start":{"line":10,"column":20},"end":{"line":12,"column":7}},"line":10}},"branchMap":{},"s":{"0":3,"1":1,"2":1,"3":0,"4":3},"f":{"0":1,"1":1,"2":0},"b":{},"_coverageSchema":"1a1c01bbd47fc00a2c39e90264f33305004495a9","hash":"e33d3806f196bab40d250ee6e7fe0d64c48dd345"}
,"/home/rendra/workspace/hacktiv8/hacktiv8-phase3/Outspokenspot/server/controllers/userController.js": {"path":"/home/rendra/workspace/hacktiv8/hacktiv8-phase3/Outspokenspot/server/controllers/userController.js","statementMap":{"0":{"start":{"line":1,"column":26},"end":{"line":1,"column":58}},"1":{"start":{"line":2,"column":28},"end":{"line":2,"column":65}},"2":{"start":{"line":3,"column":17},"end":{"line":3,"column":37}},"3":{"start":{"line":7,"column":18},"end":{"line":12,"column":5}},"4":{"start":{"line":13,"column":4},"end":{"line":27,"column":8}},"5":{"start":{"line":15,"column":8},"end":{"line":23,"column":10}},"6":{"start":{"line":26,"column":8},"end":{"line":26,"column":17}},"7":{"start":{"line":31,"column":32},"end":{"line":31,"column":40}},"8":{"start":{"line":32,"column":4},"end":{"line":62,"column":7}},"9":{"start":{"line":33,"column":6},"end":{"line":33,"column":53}},"10":{"start":{"line":34,"column":11},"end":{"line":62,"column":7}},"11":{"start":{"line":35,"column":6},"end":{"line":35,"column":56}},"12":{"start":{"line":37,"column":6},"end":{"line":61,"column":10}},"13":{"start":{"line":39,"column":10},"end":{"line":57,"column":11}},"14":{"start":{"line":40,"column":37},"end":{"line":40,"column":77}},"15":{"start":{"line":42,"column":12},"end":{"line":51,"column":13}},"16":{"start":{"line":43,"column":35},"end":{"line":43,"column":84}},"17":{"start":{"line":45,"column":14},"end":{"line":45,"column":115}},"18":{"start":{"line":47,"column":14},"end":{"line":50,"column":16}},"19":{"start":{"line":53,"column":12},"end":{"line":56,"column":14}},"20":{"start":{"line":60,"column":10},"end":{"line":60,"column":19}},"21":{"start":{"line":67,"column":0},"end":{"line":67,"column":31}}},"fnMap":{"0":{"name":"(anonymous_0)","decl":{"start":{"line":6,"column":2},"end":{"line":6,"column":3}},"loc":{"start":{"line":6,"column":35},"end":{"line":28,"column":3}},"line":6},"1":{"name":"(anonymous_1)","decl":{"start":{"line":14,"column":12},"end":{"line":14,"column":13}},"loc":{"start":{"line":14,"column":20},"end":{"line":24,"column":7}},"line":14},"2":{"name":"(anonymous_2)","decl":{"start":{"line":25,"column":13},"end":{"line":25,"column":14}},"loc":{"start":{"line":25,"column":20},"end":{"line":27,"column":7}},"line":25},"3":{"name":"(anonymous_3)","decl":{"start":{"line":30,"column":2},"end":{"line":30,"column":3}},"loc":{"start":{"line":30,"column":32},"end":{"line":64,"column":5}},"line":30},"4":{"name":"(anonymous_4)","decl":{"start":{"line":38,"column":14},"end":{"line":38,"column":15}},"loc":{"start":{"line":38,"column":22},"end":{"line":58,"column":9}},"line":38},"5":{"name":"(anonymous_5)","decl":{"start":{"line":59,"column":15},"end":{"line":59,"column":16}},"loc":{"start":{"line":59,"column":22},"end":{"line":61,"column":9}},"line":59}},"branchMap":{"0":{"loc":{"start":{"line":32,"column":4},"end":{"line":62,"column":7}},"type":"if","locations":[{"start":{"line":32,"column":4},"end":{"line":62,"column":7}},{"start":{"line":32,"column":4},"end":{"line":62,"column":7}}],"line":32},"1":{"loc":{"start":{"line":34,"column":11},"end":{"line":62,"column":7}},"type":"if","locations":[{"start":{"line":34,"column":11},"end":{"line":62,"column":7}},{"start":{"line":34,"column":11},"end":{"line":62,"column":7}}],"line":34},"2":{"loc":{"start":{"line":39,"column":10},"end":{"line":57,"column":11}},"type":"if","locations":[{"start":{"line":39,"column":10},"end":{"line":57,"column":11}},{"start":{"line":39,"column":10},"end":{"line":57,"column":11}}],"line":39},"3":{"loc":{"start":{"line":42,"column":12},"end":{"line":51,"column":13}},"type":"if","locations":[{"start":{"line":42,"column":12},"end":{"line":51,"column":13}},{"start":{"line":42,"column":12},"end":{"line":51,"column":13}}],"line":42}},"s":{"0":3,"1":3,"2":3,"3":7,"4":7,"5":1,"6":6,"7":6,"8":6,"9":1,"10":5,"11":1,"12":4,"13":3,"14":2,"15":2,"16":1,"17":1,"18":1,"19":1,"20":1,"21":3},"f":{"0":7,"1":1,"2":6,"3":6,"4":3,"5":1},"b":{"0":[1,5],"1":[1,4],"2":[2,1],"3":[1,1]},"_coverageSchema":"1a1c01bbd47fc00a2c39e90264f33305004495a9","hash":"2b17234a1cdae19774db973a879acd0f4e97ae0b"}
,"/home/rendra/workspace/hacktiv8/hacktiv8-phase3/Outspokenspot/server/helpers/jwt-helper.js": {"path":"/home/rendra/workspace/hacktiv8/hacktiv8-phase3/Outspokenspot/server/helpers/jwt-helper.js","statementMap":{"0":{"start":{"line":1,"column":12},"end":{"line":1,"column":35}},"1":{"start":{"line":3,"column":22},"end":{"line":5,"column":1}},"2":{"start":{"line":4,"column":2},"end":{"line":4,"column":50}},"3":{"start":{"line":6,"column":20},"end":{"line":8,"column":1}},"4":{"start":{"line":7,"column":2},"end":{"line":7,"column":50}},"5":{"start":{"line":10,"column":0},"end":{"line":13,"column":1}}},"fnMap":{"0":{"name":"(anonymous_0)","decl":{"start":{"line":3,"column":22},"end":{"line":3,"column":23}},"loc":{"start":{"line":3,"column":35},"end":{"line":5,"column":1}},"line":3},"1":{"name":"(anonymous_1)","decl":{"start":{"line":6,"column":20},"end":{"line":6,"column":21}},"loc":{"start":{"line":6,"column":31},"end":{"line":8,"column":1}},"line":6}},"branchMap":{},"s":{"0":3,"1":3,"2":1,"3":3,"4":4,"5":3},"f":{"0":1,"1":4},"b":{},"_coverageSchema":"1a1c01bbd47fc00a2c39e90264f33305004495a9","hash":"78184858df5c2cda6f2ec95376a46170e0fe4a03"}
,"/home/rendra/workspace/hacktiv8/hacktiv8-phase3/Outspokenspot/server/helpers/password-helper.js": {"path":"/home/rendra/workspace/hacktiv8/hacktiv8-phase3/Outspokenspot/server/helpers/password-helper.js","statementMap":{"0":{"start":{"line":1,"column":15},"end":{"line":1,"column":34}},"1":{"start":{"line":3,"column":21},"end":{"line":5,"column":1}},"2":{"start":{"line":4,"column":2},"end":{"line":4,"column":38}},"3":{"start":{"line":7,"column":24},"end":{"line":9,"column":1}},"4":{"start":{"line":8,"column":2},"end":{"line":8,"column":53}},"5":{"start":{"line":11,"column":0},"end":{"line":14,"column":1}}},"fnMap":{"0":{"name":"(anonymous_0)","decl":{"start":{"line":3,"column":21},"end":{"line":3,"column":22}},"loc":{"start":{"line":3,"column":33},"end":{"line":5,"column":1}},"line":3},"1":{"name":"(anonymous_1)","decl":{"start":{"line":7,"column":24},"end":{"line":7,"column":25}},"loc":{"start":{"line":7,"column":54},"end":{"line":9,"column":1}},"line":7}},"branchMap":{},"s":{"0":3,"1":3,"2":2,"3":3,"4":2,"5":3},"f":{"0":2,"1":2},"b":{},"_coverageSchema":"1a1c01bbd47fc00a2c39e90264f33305004495a9","hash":"8318e373aaaa92f4ab3d86e1786f33f4782b0a68"}
,"/home/rendra/workspace/hacktiv8/hacktiv8-phase3/Outspokenspot/server/middlewares/auth.js": {"path":"/home/rendra/workspace/hacktiv8/hacktiv8-phase3/Outspokenspot/server/middlewares/auth.js","statementMap":{"0":{"start":{"line":1,"column":24},"end":{"line":1,"column":56}},"1":{"start":{"line":2,"column":17},"end":{"line":2,"column":37}},"2":{"start":{"line":4,"column":21},"end":{"line":25,"column":1}},"3":{"start":{"line":5,"column":2},"end":{"line":24,"column":3}},"4":{"start":{"line":6,"column":17},"end":{"line":6,"column":54}},"5":{"start":{"line":7,"column":4},"end":{"line":20,"column":8}},"6":{"start":{"line":11,"column":8},"end":{"line":16,"column":9}},"7":{"start":{"line":12,"column":10},"end":{"line":12,"column":55}},"8":{"start":{"line":14,"column":10},"end":{"line":14,"column":111}},"9":{"start":{"line":15,"column":10},"end":{"line":15,"column":16}},"10":{"start":{"line":18,"column":20},"end":{"line":20,"column":7}},"11":{"start":{"line":22,"column":4},"end":{"line":22,"column":23}},"12":{"start":{"line":23,"column":4},"end":{"line":23,"column":68}},"13":{"start":{"line":27,"column":0},"end":{"line":27,"column":29}}},"fnMap":{"0":{"name":"(anonymous_0)","decl":{"start":{"line":4,"column":21},"end":{"line":4,"column":22}},"loc":{"start":{"line":4,"column":41},"end":{"line":25,"column":1}},"line":4},"1":{"name":"(anonymous_1)","decl":{"start":{"line":10,"column":12},"end":{"line":10,"column":13}},"loc":{"start":{"line":10,"column":20},"end":{"line":17,"column":7}},"line":10},"2":{"name":"(anonymous_2)","decl":{"start":{"line":18,"column":13},"end":{"line":18,"column":14}},"loc":{"start":{"line":18,"column":20},"end":{"line":20,"column":7}},"line":18}},"branchMap":{"0":{"loc":{"start":{"line":11,"column":8},"end":{"line":16,"column":9}},"type":"if","locations":[{"start":{"line":11,"column":8},"end":{"line":16,"column":9}},{"start":{"line":11,"column":8},"end":{"line":16,"column":9}}],"line":11}},"s":{"0":3,"1":3,"2":3,"3":4,"4":4,"5":3,"6":2,"7":1,"8":1,"9":1,"10":1,"11":1,"12":1,"13":3},"f":{"0":4,"1":2,"2":1},"b":{"0":[1,1]},"_coverageSchema":"1a1c01bbd47fc00a2c39e90264f33305004495a9","hash":"c2aacb70ff849e07a1ff048c81ef61f4c36a64d5"}
,"/home/rendra/workspace/hacktiv8/hacktiv8-phase3/Outspokenspot/server/middlewares/errorHandler.js": {"path":"/home/rendra/workspace/hacktiv8/hacktiv8-phase3/Outspokenspot/server/middlewares/errorHandler.js","statementMap":{"0":{"start":{"line":1,"column":21},"end":{"line":16,"column":1}},"1":{"start":{"line":2,"column":2},"end":{"line":15,"column":5}},"2":{"start":{"line":3,"column":17},"end":{"line":3,"column":55}},"3":{"start":{"line":3,"column":41},"end":{"line":3,"column":54}},"4":{"start":{"line":5,"column":4},"end":{"line":5,"column":34}},"5":{"start":{"line":6,"column":11},"end":{"line":15,"column":5}},"6":{"start":{"line":7,"column":8},"end":{"line":7,"column":43}},"7":{"start":{"line":8,"column":8},"end":{"line":8,"column":58}},"8":{"start":{"line":9,"column":11},"end":{"line":15,"column":5}},"9":{"start":{"line":10,"column":8},"end":{"line":10,"column":58}},"10":{"start":{"line":11,"column":11},"end":{"line":15,"column":5}},"11":{"start":{"line":12,"column":8},"end":{"line":12,"column":58}},"12":{"start":{"line":14,"column":8},"end":{"line":14,"column":53}},"13":{"start":{"line":18,"column":0},"end":{"line":18,"column":29}}},"fnMap":{"0":{"name":"(anonymous_0)","decl":{"start":{"line":1,"column":21},"end":{"line":1,"column":22}},"loc":{"start":{"line":1,"column":46},"end":{"line":16,"column":1}},"line":1},"1":{"name":"(anonymous_1)","decl":{"start":{"line":3,"column":32},"end":{"line":3,"column":33}},"loc":{"start":{"line":3,"column":41},"end":{"line":3,"column":54}},"line":3}},"branchMap":{"0":{"loc":{"start":{"line":2,"column":2},"end":{"line":15,"column":5}},"type":"if","locations":[{"start":{"line":2,"column":2},"end":{"line":15,"column":5}},{"start":{"line":2,"column":2},"end":{"line":15,"column":5}}],"line":2},"1":{"loc":{"start":{"line":6,"column":11},"end":{"line":15,"column":5}},"type":"if","locations":[{"start":{"line":6,"column":11},"end":{"line":15,"column":5}},{"start":{"line":6,"column":11},"end":{"line":15,"column":5}}],"line":6},"2":{"loc":{"start":{"line":9,"column":11},"end":{"line":15,"column":5}},"type":"if","locations":[{"start":{"line":9,"column":11},"end":{"line":15,"column":5}},{"start":{"line":9,"column":11},"end":{"line":15,"column":5}}],"line":9},"3":{"loc":{"start":{"line":11,"column":11},"end":{"line":15,"column":5}},"type":"if","locations":[{"start":{"line":11,"column":11},"end":{"line":15,"column":5}},{"start":{"line":11,"column":11},"end":{"line":15,"column":5}}],"line":11}},"s":{"0":3,"1":14,"2":5,"3":7,"4":5,"5":9,"6":4,"7":4,"8":5,"9":1,"10":4,"11":1,"12":3,"13":3},"f":{"0":14,"1":7},"b":{"0":[5,9],"1":[4,5],"2":[1,4],"3":[1,3]},"_coverageSchema":"1a1c01bbd47fc00a2c39e90264f33305004495a9","hash":"2eaa900b606ec85e98ae24238c1b9f53dcf0327c"}
,"/home/rendra/workspace/hacktiv8/hacktiv8-phase3/Outspokenspot/server/models/index.js": {"path":"/home/rendra/workspace/hacktiv8/hacktiv8-phase3/Outspokenspot/server/models/index.js","statementMap":{"0":{"start":{"line":3,"column":11},"end":{"line":3,"column":24}},"1":{"start":{"line":4,"column":13},"end":{"line":4,"column":28}},"2":{"start":{"line":5,"column":18},"end":{"line":5,"column":38}},"3":{"start":{"line":6,"column":17},"end":{"line":6,"column":42}},"4":{"start":{"line":7,"column":12},"end":{"line":7,"column":49}},"5":{"start":{"line":8,"column":15},"end":{"line":8,"column":65}},"6":{"start":{"line":9,"column":11},"end":{"line":9,"column":13}},"7":{"start":{"line":12,"column":0},"end":{"line":16,"column":1}},"8":{"start":{"line":13,"column":2},"end":{"line":13,"column":74}},"9":{"start":{"line":15,"column":2},"end":{"line":15,"column":87}},"10":{"start":{"line":18,"column":0},"end":{"line":26,"column":5}},"11":{"start":{"line":21,"column":4},"end":{"line":21,"column":90}},"12":{"start":{"line":24,"column":18},"end":{"line":24,"column":85}},"13":{"start":{"line":25,"column":4},"end":{"line":25,"column":27}},"14":{"start":{"line":28,"column":0},"end":{"line":32,"column":3}},"15":{"start":{"line":29,"column":2},"end":{"line":31,"column":3}},"16":{"start":{"line":30,"column":4},"end":{"line":30,"column":32}},"17":{"start":{"line":34,"column":0},"end":{"line":34,"column":25}},"18":{"start":{"line":35,"column":0},"end":{"line":35,"column":25}},"19":{"start":{"line":37,"column":0},"end":{"line":37,"column":20}}},"fnMap":{"0":{"name":"(anonymous_0)","decl":{"start":{"line":20,"column":10},"end":{"line":20,"column":11}},"loc":{"start":{"line":20,"column":18},"end":{"line":22,"column":3}},"line":20},"1":{"name":"(anonymous_1)","decl":{"start":{"line":23,"column":11},"end":{"line":23,"column":12}},"loc":{"start":{"line":23,"column":19},"end":{"line":26,"column":3}},"line":23},"2":{"name":"(anonymous_2)","decl":{"start":{"line":28,"column":24},"end":{"line":28,"column":25}},"loc":{"start":{"line":28,"column":37},"end":{"line":32,"column":1}},"line":28}},"branchMap":{"0":{"loc":{"start":{"line":7,"column":12},"end":{"line":7,"column":49}},"type":"binary-expr","locations":[{"start":{"line":7,"column":12},"end":{"line":7,"column":32}},{"start":{"line":7,"column":36},"end":{"line":7,"column":49}}],"line":7},"1":{"loc":{"start":{"line":12,"column":0},"end":{"line":16,"column":1}},"type":"if","locations":[{"start":{"line":12,"column":0},"end":{"line":16,"column":1}},{"start":{"line":12,"column":0},"end":{"line":16,"column":1}}],"line":12},"2":{"loc":{"start":{"line":21,"column":11},"end":{"line":21,"column":89}},"type":"binary-expr","locations":[{"start":{"line":21,"column":12},"end":{"line":21,"column":35}},{"start":{"line":21,"column":41},"end":{"line":21,"column":58}},{"start":{"line":21,"column":64},"end":{"line":21,"column":88}}],"line":21},"3":{"loc":{"start":{"line":29,"column":2},"end":{"line":31,"column":3}},"type":"if","locations":[{"start":{"line":29,"column":2},"end":{"line":31,"column":3}},{"start":{"line":29,"column":2},"end":{"line":31,"column":3}}],"line":29}},"s":{"0":3,"1":3,"2":3,"3":3,"4":3,"5":3,"6":3,"7":3,"8":0,"9":3,"10":3,"11":9,"12":6,"13":6,"14":3,"15":6,"16":6,"17":3,"18":3,"19":3},"f":{"0":9,"1":6,"2":6},"b":{"0":[3,0],"1":[0,3],"2":[9,9,6],"3":[6,0]},"_coverageSchema":"1a1c01bbd47fc00a2c39e90264f33305004495a9","hash":"f9aadceaed36334deb51b36b077749adfbc3b86b"}
,"/home/rendra/workspace/hacktiv8/hacktiv8-phase3/Outspokenspot/server/models/question.js": {"path":"/home/rendra/workspace/hacktiv8/hacktiv8-phase3/Outspokenspot/server/models/question.js","statementMap":{"0":{"start":{"line":4,"column":4},"end":{"line":4,"column":24}},"1":{"start":{"line":5,"column":0},"end":{"line":23,"column":2}},"2":{"start":{"line":16,"column":2},"end":{"line":21,"column":5}},"3":{"start":{"line":22,"column":2},"end":{"line":22,"column":18}}},"fnMap":{"0":{"name":"(anonymous_0)","decl":{"start":{"line":5,"column":17},"end":{"line":5,"column":18}},"loc":{"start":{"line":5,"column":43},"end":{"line":23,"column":1}},"line":5},"1":{"name":"(anonymous_1)","decl":{"start":{"line":12,"column":4},"end":{"line":12,"column":5}},"loc":{"start":{"line":12,"column":29},"end":{"line":14,"column":5}},"line":12}},"branchMap":{},"s":{"0":3,"1":3,"2":3,"3":3},"f":{"0":3,"1":3},"b":{},"_coverageSchema":"1a1c01bbd47fc00a2c39e90264f33305004495a9","hash":"3182c4868ed47b0a67923c27d5f5921578c0136a"}
,"/home/rendra/workspace/hacktiv8/hacktiv8-phase3/Outspokenspot/server/models/user.js": {"path":"/home/rendra/workspace/hacktiv8/hacktiv8-phase3/Outspokenspot/server/models/user.js","statementMap":{"0":{"start":{"line":4,"column":4},"end":{"line":4,"column":24}},"1":{"start":{"line":5,"column":25},"end":{"line":5,"column":62}},"2":{"start":{"line":6,"column":0},"end":{"line":72,"column":2}},"3":{"start":{"line":17,"column":2},"end":{"line":70,"column":5}},"4":{"start":{"line":66,"column":8},"end":{"line":66,"column":51}},"5":{"start":{"line":71,"column":2},"end":{"line":71,"column":14}}},"fnMap":{"0":{"name":"(anonymous_0)","decl":{"start":{"line":6,"column":17},"end":{"line":6,"column":18}},"loc":{"start":{"line":6,"column":43},"end":{"line":72,"column":1}},"line":6},"1":{"name":"(anonymous_1)","decl":{"start":{"line":13,"column":4},"end":{"line":13,"column":5}},"loc":{"start":{"line":13,"column":29},"end":{"line":15,"column":5}},"line":13},"2":{"name":"(anonymous_2)","decl":{"start":{"line":65,"column":20},"end":{"line":65,"column":21}},"loc":{"start":{"line":65,"column":30},"end":{"line":67,"column":7}},"line":65}},"branchMap":{},"s":{"0":3,"1":3,"2":3,"3":3,"4":2,"5":3},"f":{"0":3,"1":3,"2":2},"b":{},"_coverageSchema":"1a1c01bbd47fc00a2c39e90264f33305004495a9","hash":"a3ab2e99c811f14ab61728f64e9230a52a66b8bf"}
,"/home/rendra/workspace/hacktiv8/hacktiv8-phase3/Outspokenspot/server/routes/index.js": {"path":"/home/rendra/workspace/hacktiv8/hacktiv8-phase3/Outspokenspot/server/routes/index.js","statementMap":{"0":{"start":{"line":1,"column":15},"end":{"line":1,"column":42}},"1":{"start":{"line":2,"column":23},"end":{"line":2,"column":63}},"2":{"start":{"line":3,"column":23},"end":{"line":3,"column":63}},"3":{"start":{"line":4,"column":21},"end":{"line":4,"column":51}},"4":{"start":{"line":6,"column":0},"end":{"line":8,"column":2}},"5":{"start":{"line":7,"column":2},"end":{"line":7,"column":67}},"6":{"start":{"line":9,"column":0},"end":{"line":9,"column":49}},"7":{"start":{"line":10,"column":0},"end":{"line":10,"column":43}},"8":{"start":{"line":11,"column":0},"end":{"line":11,"column":24}},"9":{"start":{"line":12,"column":0},"end":{"line":12,"column":55}},"10":{"start":{"line":15,"column":0},"end":{"line":15,"column":23}}},"fnMap":{"0":{"name":"(anonymous_0)","decl":{"start":{"line":6,"column":16},"end":{"line":6,"column":17}},"loc":{"start":{"line":6,"column":30},"end":{"line":8,"column":1}},"line":6}},"branchMap":{},"s":{"0":3,"1":3,"2":3,"3":3,"4":3,"5":1,"6":3,"7":3,"8":3,"9":3,"10":3},"f":{"0":1},"b":{},"_coverageSchema":"1a1c01bbd47fc00a2c39e90264f33305004495a9","hash":"bd226250cd93eae1609193e4e0c344079fb235b7"}
}
