TN:
SF:app.js
FNF:0
FNH:0
DA:1,3
DA:2,3
DA:5,3
DA:6,3
DA:7,3
DA:8,3
DA:9,3
DA:11,3
DA:12,3
DA:13,3
DA:14,3
DA:15,3
DA:17,3
LF:13
LH:13
BRDA:1,0,0,3
BRDA:1,0,1,0
BRDA:1,1,0,3
BRDA:1,1,1,3
BRF:4
BRH:3
end_of_record
TN:
SF:bin/https.js
FN:17,(anonymous_0)
FN:18,(anonymous_1)
FN:19,(anonymous_2)
FN:23,(anonymous_3)
FN:33,(anonymous_4)
FN:42,(anonymous_5)
FN:43,(anonymous_6)
FN:46,(anonymous_7)
FN:52,(anonymous_8)
FN:54,(anonymous_9)
FN:55,(anonymous_10)
FN:64,(anonymous_11)
FN:65,(anonymous_12)
FN:71,(anonymous_13)
FN:72,(anonymous_14)
FN:76,(anonymous_15)
FN:77,(anonymous_16)
FN:81,(anonymous_17)
FN:82,(anonymous_18)
FN:86,(anonymous_19)
FN:87,(anonymous_20)
FN:93,(anonymous_21)
FN:94,(anonymous_22)
FN:103,(anonymous_23)
FN:107,(anonymous_24)
FN:111,(anonymous_25)
FN:115,(anonymous_26)
FN:119,(anonymous_27)
FN:123,(anonymous_28)
FN:127,(anonymous_29)
FN:129,(anonymous_30)
FN:130,(anonymous_31)
FN:143,(anonymous_32)
FN:144,(anonymous_33)
FN:145,(anonymous_34)
FN:155,(anonymous_35)
FNF:36
FNH:27
FNDA:15,(anonymous_0)
FNDA:1,(anonymous_1)
FNDA:0,(anonymous_2)
FNDA:2,(anonymous_3)
FNDA:1,(anonymous_4)
FNDA:1,(anonymous_5)
FNDA:1,(anonymous_6)
FNDA:1,(anonymous_7)
FNDA:1,(anonymous_8)
FNDA:1,(anonymous_9)
FNDA:0,(anonymous_10)
FNDA:1,(anonymous_11)
FNDA:1,(anonymous_12)
FNDA:1,(anonymous_13)
FNDA:1,(anonymous_14)
FNDA:1,(anonymous_15)
FNDA:1,(anonymous_16)
FNDA:1,(anonymous_17)
FNDA:1,(anonymous_18)
FNDA:0,(anonymous_19)
FNDA:0,(anonymous_20)
FNDA:0,(anonymous_21)
FNDA:0,(anonymous_22)
FNDA:1,(anonymous_23)
FNDA:1,(anonymous_24)
FNDA:1,(anonymous_25)
FNDA:1,(anonymous_26)
FNDA:1,(anonymous_27)
FNDA:0,(anonymous_28)
FNDA:11,(anonymous_29)
FNDA:10,(anonymous_30)
FNDA:1,(anonymous_31)
FNDA:1,(anonymous_32)
FNDA:0,(anonymous_33)
FNDA:1,(anonymous_34)
FNDA:0,(anonymous_35)
DA:1,1
DA:2,1
DA:3,1
DA:4,1
DA:5,1
DA:6,1
DA:8,1
DA:15,1
DA:17,1
DA:18,15
DA:19,1
DA:20,1
DA:23,15
DA:24,2
DA:33,2
DA:34,2
DA:35,1
DA:37,1
DA:38,1
DA:42,15
DA:43,1
DA:44,1
DA:46,1
DA:47,1
DA:49,1
DA:52,15
DA:53,1
DA:54,1
DA:55,1
DA:57,1
DA:58,1
DA:61,1
DA:64,15
DA:65,1
DA:66,1
DA:68,1
DA:71,15
DA:72,1
DA:73,1
DA:76,15
DA:77,1
DA:78,1
DA:81,15
DA:82,1
DA:85,1
DA:86,1
DA:87,1
DA:90,1
DA:93,15
DA:94,0
DA:95,0
DA:99,0
DA:100,0
DA:103,15
DA:104,1
DA:107,15
DA:108,1
DA:111,15
DA:112,1
DA:115,15
DA:116,1
DA:119,15
DA:120,1
DA:123,15
DA:124,0
DA:127,15
DA:129,11
DA:130,10
DA:131,1
DA:132,1
DA:142,11
DA:143,1
DA:144,1
DA:145,1
DA:146,1
DA:147,1
DA:150,11
DA:154,1
DA:155,0
DA:156,0
DA:160,1
LF:81
LH:74
BRDA:3,0,0,1
BRDA:3,0,1,1
BRDA:34,1,0,1
BRDA:34,1,1,1
BRDA:44,2,0,1
BRDA:44,2,1,0
BRDA:57,3,0,1
BRDA:57,3,1,0
BRDA:85,4,0,1
BRDA:85,4,1,0
BRDA:131,5,0,1
BRDA:131,5,1,0
BRDA:142,6,0,1
BRDA:142,6,1,10
BRDA:154,7,0,0
BRDA:154,7,1,1
BRF:16
BRH:11
end_of_record
TN:
SF:controllers/gameController.js
FN:5,(anonymous_0)
FN:7,(anonymous_1)
FN:10,(anonymous_2)
FNF:3
FNH:2
FNDA:1,(anonymous_0)
FNDA:1,(anonymous_1)
FNDA:0,(anonymous_2)
DA:1,3
DA:6,1
DA:8,1
DA:11,0
DA:16,3
LF:5
LH:4
BRF:0
BRH:0
end_of_record
TN:
SF:controllers/userController.js
FN:6,(anonymous_0)
FN:14,(anonymous_1)
FN:25,(anonymous_2)
FN:30,(anonymous_3)
FN:38,(anonymous_4)
FN:59,(anonymous_5)
FNF:6
FNH:6
FNDA:7,(anonymous_0)
FNDA:1,(anonymous_1)
FNDA:6,(anonymous_2)
FNDA:6,(anonymous_3)
FNDA:3,(anonymous_4)
FNDA:1,(anonymous_5)
DA:1,3
DA:2,3
DA:3,3
DA:7,7
DA:13,7
DA:15,1
DA:26,6
DA:31,6
DA:32,6
DA:33,1
DA:34,5
DA:35,1
DA:37,4
DA:39,3
DA:40,2
DA:42,2
DA:43,1
DA:45,1
DA:47,1
DA:53,1
DA:60,1
DA:67,3
LF:22
LH:22
BRDA:32,0,0,1
BRDA:32,0,1,5
BRDA:34,1,0,1
BRDA:34,1,1,4
BRDA:39,2,0,2
BRDA:39,2,1,1
BRDA:42,3,0,1
BRDA:42,3,1,1
BRF:8
BRH:8
end_of_record
TN:
SF:helpers/jwt-helper.js
FN:3,(anonymous_0)
FN:6,(anonymous_1)
FNF:2
FNH:2
FNDA:1,(anonymous_0)
FNDA:4,(anonymous_1)
DA:1,3
DA:3,3
DA:4,1
DA:6,3
DA:7,4
DA:10,3
LF:6
LH:6
BRF:0
BRH:0
end_of_record
TN:
SF:helpers/password-helper.js
FN:3,(anonymous_0)
FN:7,(anonymous_1)
FNF:2
FNH:2
FNDA:2,(anonymous_0)
FNDA:2,(anonymous_1)
DA:1,3
DA:3,3
DA:4,2
DA:7,3
DA:8,2
DA:11,3
LF:6
LH:6
BRF:0
BRH:0
end_of_record
TN:
SF:middlewares/auth.js
FN:4,(anonymous_0)
FN:10,(anonymous_1)
FN:18,(anonymous_2)
FNF:3
FNH:3
FNDA:4,(anonymous_0)
FNDA:2,(anonymous_1)
FNDA:1,(anonymous_2)
DA:1,3
DA:2,3
DA:4,3
DA:5,4
DA:6,4
DA:7,3
DA:11,2
DA:12,1
DA:14,1
DA:15,1
DA:18,1
DA:22,1
DA:23,1
DA:27,3
LF:14
LH:14
BRDA:11,0,0,1
BRDA:11,0,1,1
BRF:2
BRH:2
end_of_record
TN:
SF:middlewares/errorHandler.js
FN:1,(anonymous_0)
FN:3,(anonymous_1)
FNF:2
FNH:2
FNDA:14,(anonymous_0)
FNDA:7,(anonymous_1)
DA:1,3
DA:2,14
DA:3,7
DA:5,5
DA:6,9
DA:7,4
DA:8,4
DA:9,5
DA:10,1
DA:11,4
DA:12,1
DA:14,3
DA:18,3
LF:13
LH:13
BRDA:2,0,0,5
BRDA:2,0,1,9
BRDA:6,1,0,4
BRDA:6,1,1,5
BRDA:9,2,0,1
BRDA:9,2,1,4
BRDA:11,3,0,1
BRDA:11,3,1,3
BRF:8
BRH:8
end_of_record
TN:
SF:models/index.js
FN:20,(anonymous_0)
FN:23,(anonymous_1)
FN:28,(anonymous_2)
FNF:3
FNH:3
FNDA:9,(anonymous_0)
FNDA:6,(anonymous_1)
FNDA:6,(anonymous_2)
DA:3,3
DA:4,3
DA:5,3
DA:6,3
DA:7,3
DA:8,3
DA:9,3
DA:12,3
DA:13,0
DA:15,3
DA:18,3
DA:21,9
DA:24,6
DA:25,6
DA:28,3
DA:29,6
DA:30,6
DA:34,3
DA:35,3
DA:37,3
LF:20
LH:19
BRDA:7,0,0,3
BRDA:7,0,1,0
BRDA:12,1,0,0
BRDA:12,1,1,3
BRDA:21,2,0,9
BRDA:21,2,1,9
BRDA:21,2,2,6
BRDA:29,3,0,6
BRDA:29,3,1,0
BRF:9
BRH:6
end_of_record
TN:
SF:models/question.js
FN:5,(anonymous_0)
FN:12,(anonymous_1)
FNF:2
FNH:2
FNDA:3,(anonymous_0)
FNDA:3,(anonymous_1)
DA:4,3
DA:5,3
DA:16,3
DA:22,3
LF:4
LH:4
BRF:0
BRH:0
end_of_record
TN:
SF:models/user.js
FN:6,(anonymous_0)
FN:13,(anonymous_1)
FN:65,(anonymous_2)
FNF:3
FNH:3
FNDA:3,(anonymous_0)
FNDA:3,(anonymous_1)
FNDA:2,(anonymous_2)
DA:4,3
DA:5,3
DA:6,3
DA:17,3
DA:66,2
DA:71,3
LF:6
LH:6
BRF:0
BRH:0
end_of_record
TN:
SF:routes/index.js
FN:6,(anonymous_0)
FNF:1
FNH:1
FNDA:1,(anonymous_0)
DA:1,3
DA:2,3
DA:3,3
DA:4,3
DA:6,3
DA:7,1
DA:9,3
DA:10,3
DA:11,3
DA:12,3
DA:15,3
LF:11
LH:11
BRF:0
BRH:0
end_of_record
